<?xml version="1.0" encoding="UTF-8"?>
<!-- Generated by org.testng.reporters.JUnitReportReporter -->
<testsuite skipped="0" hostname="Anand" name="TestNGSession.DesableTest" tests="4" failures="0" timestamp="20 May 2020 17:22:29 GMT" time="0.019" errors="0">
  <testcase name="test3" time="0.002" classname="TestNGSession.DesableTest"/>
  <testcase name="test5" time="0.002" classname="TestNGSession.DesableTest"/>
  <testcase name="test4" time="0.002" classname="TestNGSession.DesableTest"/>
  <testcase name="test1" time="0.013" classname="TestNGSession.DesableTest"/>
</testsuite> <!-- TestNGSession.DesableTest -->
