<?xml version="1.0" encoding="UTF-8"?>
<!-- Generated by org.testng.reporters.JUnitReportReporter -->
<testsuite skipped="0" hostname="Anand" name="TestNGSession.DependsOnMethod" tests="3" failures="0" timestamp="20 May 2020 11:53:00 GMT" time="0.016" errors="0">
  <testcase name="homePageTest" time="0.002" classname="TestNGSession.DependsOnMethod"/>
  <testcase name="searchPageTest" time="0.002" classname="TestNGSession.DependsOnMethod"/>
  <testcase name="loginTest" time="0.012" classname="TestNGSession.DependsOnMethod"/>
</testsuite> <!-- TestNGSession.DependsOnMethod -->
