<?xml version="1.0" encoding="UTF-8"?>
<!-- Generated by org.testng.reporters.JUnitReportReporter -->
<testsuite skipped="0" hostname="Anand" name="TestNGSession.InvocationCountConcept" tests="5" failures="0" timestamp="22 May 2020 19:33:39 GMT" time="0.031" errors="0">
  <testcase name="googleTip" time="0.000" classname="TestNGSession.InvocationCountConcept"/>
  <testcase name="googleTip" time="0.000" classname="TestNGSession.InvocationCountConcept"/>
  <testcase name="googleTip" time="0.015" classname="TestNGSession.InvocationCountConcept"/>
  <testcase name="googleTip" time="0.016" classname="TestNGSession.InvocationCountConcept"/>
  <testcase name="googleTip" time="0.000" classname="TestNGSession.InvocationCountConcept"/>
</testsuite> <!-- TestNGSession.InvocationCountConcept -->
