<?xml version="1.0" encoding="UTF-8"?>
<!-- Generated by org.testng.reporters.JUnitReportReporter -->
<testsuite skipped="0" hostname="Anand" name="TestNGSession.PriorityTest" tests="5" failures="0" timestamp="20 May 2020 04:18:46 GMT" time="0.030" errors="0">
  <testcase name="test1" time="0.003" classname="TestNGSession.PriorityTest"/>
  <testcase name="test4" time="0.003" classname="TestNGSession.PriorityTest"/>
  <testcase name="test5" time="0.005" classname="TestNGSession.PriorityTest"/>
  <testcase name="test3" time="0.005" classname="TestNGSession.PriorityTest"/>
  <testcase name="test2" time="0.014" classname="TestNGSession.PriorityTest"/>
</testsuite> <!-- TestNGSession.PriorityTest -->
