<?xml version="1.0" encoding="UTF-8"?>
<!-- Generated by org.testng.reporters.JUnitReportReporter -->
<testsuite skipped="0" hostname="Anand" name="TestNGSession.TestNGSelenium" tests="1" failures="0" timestamp="19 May 2020 19:04:14 GMT" time="6.852" errors="0">
  <testcase name="loginTest" time="6.852" classname="TestNGSession.TestNGSelenium"/>
</testsuite> <!-- TestNGSession.TestNGSelenium -->
